
[0m[2m[35m$[0m [2m[1mnext build[0m
   [1m[38;2;173;127;168m▲ Next.js 15.2.4[39m[22m
   - Environments: .env

 [37m[1m [22m[39m Creating an optimized production build ...
 [32m[1m✓[22m[39m Compiled successfully
 [37m[1m [22m[39m Skipping validation of types
 [37m[1m [22m[39m Skipping linting
[?25l [37m[1m [22m[39m Collecting page data  [36m.[39m[2K[1G [37m[1m [22m[39m Collecting page data  [36m..[39m[2K[1G[?25h [37m[1m [22m[39m Collecting page data     [32m[1m✓[22m[39m Collecting page data 
[?25l [37m[1m [22m[39m Generating static pages (0/3)  [36m[    ][39m[2K[1G [37m[1m [22m[39m Generating static pages (0/3)  [36m[=   ][39m[2K[1G[?25h [32m[1m✓[22m[39m Generating static pages (3/3)
[?25l [37m[1m [22m[39m Finalizing page optimization  [36m.[39m[?25l [37m[1m [22m[39m Collecting build traces  [36m.[39m[2K[1G[?25h [37m[1m [22m[39m Collecting build traces     [32m[1m✓[22m[39m Collecting build traces 
[2K[1G[?25h [37m[1m [22m[39m Finalizing page optimization     [32m[1m✓[22m[39m Finalizing page optimization 

[4mRoute (app)[24m                                 [4mSize[24m  [4mFirst Load JS[24m  [4m[24m  [4m[24m
┌ ƒ /                                    17.6 kB         [37m[1m147 kB[22m[39m
└ ○ /_not-found                            975 B         [37m[1m102 kB[22m[39m
+ First Load JS shared by all             [37m[1m101 kB[22m[39m
  ├ chunks/315-1943e319ff7ad851.js       45.7 kB
  ├ chunks/87c73c54-5ac6e3579d101ca2.js  53.2 kB
  └ other shared chunks (total)          1.89 kB


○  (Static)   prerendered as static content
ƒ  (Dynamic)  server-rendered on demand

[?25h
